<?xml version="1.0" encoding="UTF-8"?>
<testsuite name="com.thesis.bitperfectusb.usb.IsochronousPacketSchedulerTest" tests="6" skipped="0" failures="0" errors="0" timestamp="2026-09-05T07:25:50.566Z" hostname="MSI" time="0.013">
  <properties/>
  <testcase name="44_1kHz over 1000 full-speed frames totals exactly 44100 audio frames per second" classname="com.thesis.bitperfectusb.usb.IsochronousPacketSchedulerTest" time="0.007"/>
  <testcase name="reset clears accumulated remainder" classname="com.thesis.bitperfectusb.usb.IsochronousPacketSchedulerTest" time="0.001"/>
  <testcase name="high-speed microframe timing stays sample-accurate over one second" classname="com.thesis.bitperfectusb.usb.IsochronousPacketSchedulerTest" time="0.001"/>
  <testcase name="44_1kHz packet sizes only ever alternate between 44 and 45 frames" classname="com.thesis.bitperfectusb.usb.IsochronousPacketSchedulerTest" time="0.003"/>
  <testcase name="192kHz over 8000 microframes per second is sample-accurate despite not dividing evenly" classname="com.thesis.bitperfectusb.usb.IsochronousPacketSchedulerTest" time="0.0"/>
  <testcase name="evenly divisible rate produces a constant packet size with no drift" classname="com.thesis.bitperfectusb.usb.IsochronousPacketSchedulerTest" time="0.001"/>
  <system-out><![CDATA[]]></system-out>
  <system-err><![CDATA[]]></system-err>
</testsuite>
