<?xml version="1.0" encoding="UTF-8"?>
<testsuite name="com.thesis.bitperfectusb.usb.UsbAsyncFeedbackPiControllerTest" tests="2" skipped="0" failures="0" errors="0" timestamp="2026-09-05T07:25:50.581Z" hostname="MSI" time="0.001">
  <properties/>
  <testcase name="nominal feedback produces zero frame trim offset" classname="com.thesis.bitperfectusb.usb.UsbAsyncFeedbackPiControllerTest" time="0.0"/>
  <testcase name="faster DAC rate produces positive frame trim offset" classname="com.thesis.bitperfectusb.usb.UsbAsyncFeedbackPiControllerTest" time="0.001"/>
  <system-out><![CDATA[]]></system-out>
  <system-err><![CDATA[]]></system-err>
</testsuite>
