<?xml version="1.0" encoding="UTF-8"?>
<testsuite name="com.thesis.bitperfectusb.playback.cue.CueParserTest" tests="2" skipped="0" failures="0" errors="0" timestamp="2026-09-05T07:26:02.487Z" hostname="MSI" time="0.002">
  <properties/>
  <testcase name="testParseTimestamp" classname="com.thesis.bitperfectusb.playback.cue.CueParserTest" time="0.001"/>
  <testcase name="testParseCueSheet" classname="com.thesis.bitperfectusb.playback.cue.CueParserTest" time="0.001"/>
  <system-out><![CDATA[]]></system-out>
  <system-err><![CDATA[]]></system-err>
</testsuite>
