<?xml version="1.0" encoding="UTF-8"?>
<testsuite name="com.thesis.bitperfectusb.playback.cue.CueParserTest" tests="2" skipped="0" failures="0" errors="0" timestamp="2026-08-31T12:15:55.985Z" hostname="MSI" time="0.003">
  <properties/>
  <testcase name="testParseTimestamp" classname="com.thesis.bitperfectusb.playback.cue.CueParserTest" time="0.0"/>
  <testcase name="testParseCueSheet" classname="com.thesis.bitperfectusb.playback.cue.CueParserTest" time="0.003"/>
  <system-out><![CDATA[]]></system-out>
  <system-err><![CDATA[]]></system-err>
</testsuite>
