<?xml version="1.0" encoding="UTF-8"?>
<testsuite name="com.thesis.bitperfectusb.playback.dsp.SpatialSoundstageProcessorTest" tests="3" skipped="0" failures="0" errors="0" timestamp="2026-08-31T12:15:55.994Z" hostname="MSI" time="0.001">
  <properties/>
  <testcase name="width 1 preserves exact original stereo signal" classname="com.thesis.bitperfectusb.playback.dsp.SpatialSoundstageProcessorTest" time="0.0"/>
  <testcase name="width 0 collapses stereo signal into mono" classname="com.thesis.bitperfectusb.playback.dsp.SpatialSoundstageProcessorTest" time="0.001"/>
  <testcase name="width 2 expands side difference signal" classname="com.thesis.bitperfectusb.playback.dsp.SpatialSoundstageProcessorTest" time="0.0"/>
  <system-out><![CDATA[]]></system-out>
  <system-err><![CDATA[]]></system-err>
</testsuite>
