<?xml version="1.0" encoding="UTF-8"?>
<testsuite name="com.thesis.bitperfectusb.playback.autoeq.AutoEqRepositoryTest" tests="2" skipped="0" failures="0" errors="0" timestamp="2026-08-31T12:15:55.966Z" hostname="MSI" time="0.017">
  <properties/>
  <testcase name="testAllProfilesLoaded" classname="com.thesis.bitperfectusb.playback.autoeq.AutoEqRepositoryTest" time="0.002"/>
  <testcase name="testSearchProfiles" classname="com.thesis.bitperfectusb.playback.autoeq.AutoEqRepositoryTest" time="0.015"/>
  <system-out><![CDATA[]]></system-out>
  <system-err><![CDATA[]]></system-err>
</testsuite>
