<?xml version="1.0" encoding="UTF-8"?>
<testsuite name="com.thesis.bitperfectusb.playback.ai.TfliteVocalSeparatorTest" tests="2" skipped="0" failures="0" errors="0" timestamp="2026-08-31T12:15:55.956Z" hostname="MSI" time="0.006">
  <properties/>
  <testcase name="test STFT engine handles stereo float buffer without crashing" classname="com.thesis.bitperfectusb.playback.ai.TfliteVocalSeparatorTest" time="0.005"/>
  <testcase name="test OFF mode passes buffer through untouched" classname="com.thesis.bitperfectusb.playback.ai.TfliteVocalSeparatorTest" time="0.001"/>
  <system-out><![CDATA[]]></system-out>
  <system-err><![CDATA[]]></system-err>
</testsuite>
