<?xml version="1.0" encoding="UTF-8"?>
<testsuite name="com.thesis.bitperfectusb.playback.ai.KaraokeMicScorerTest" tests="2" skipped="0" failures="0" errors="0" timestamp="2026-08-31T12:15:55.952Z" hostname="MSI" time="0.003">
  <properties/>
  <testcase name="test initial score state is ready and empty" classname="com.thesis.bitperfectusb.playback.ai.KaraokeMicScorerTest" time="0.003"/>
  <testcase name="test resetScore resets score and combo to zero" classname="com.thesis.bitperfectusb.playback.ai.KaraokeMicScorerTest" time="0.0"/>
  <system-out><![CDATA[]]></system-out>
  <system-err><![CDATA[]]></system-err>
</testsuite>
