<?xml version="1.0" encoding="UTF-8"?>
<testsuite name="com.thesis.bitperfectusb.domain.engine.DynamicRangeMeterTest" tests="2" skipped="0" failures="0" errors="0" timestamp="2026-08-17T07:20:31.714Z" hostname="MSI" time="0.025">
  <properties/>
  <testcase name="testEmptyPcmReturnsDefaultMasterScore" classname="com.thesis.bitperfectusb.domain.engine.DynamicRangeMeterTest" time="0.01"/>
  <testcase name="testHighDynamicRangeSineWave" classname="com.thesis.bitperfectusb.domain.engine.DynamicRangeMeterTest" time="0.015"/>
  <system-out><![CDATA[]]></system-out>
  <system-err><![CDATA[]]></system-err>
</testsuite>
